<?xml version="1.0" encoding="UTF-8"?>
<!-- Generated by org.testng.reporters.JUnitReportReporter -->
<testsuite hostname="MIIND51N15S2" failures="0" tests="2" name="withoutPOM.Test_Without_POM" time="1.793" errors="0" timestamp="2021-11-05T14:52:57 IST" skipped="0">
  <testcase classname="withoutPOM.Test_Without_POM" name="login" time="0.941"/>
  <system-out/>
  <testcase classname="withoutPOM.Test_Without_POM" name="logoff" time="0.852"/>
  <system-out/>
</testsuite> <!-- withoutPOM.Test_Without_POM -->
