<?xml version="1.0" encoding="UTF-8"?>
<!-- Generated by org.testng.reporters.JUnitReportReporter -->
<testsuite hostname="MIIND51N15S2" failures="0" tests="2" name="testNG_Demo.TestNG_Example" time="0.036" errors="0" timestamp="2021-11-06T20:50:39 IST" skipped="0">
  <testcase classname="testNG_Demo.TestNG_Example" name="test2" time="0.010"/>
  <system-out/>
  <testcase classname="testNG_Demo.TestNG_Example" name="test1" time="0.026"/>
  <system-out/>
</testsuite> <!-- testNG_Demo.TestNG_Example -->
