<?xml version="1.0" encoding="UTF-8"?>
<!-- Generated by org.testng.reporters.JUnitReportReporter -->
<testsuite hostname="MIIND51N15S2" failures="0" tests="2" name="testcases.LoginTestCase" time="5.459" errors="0" timestamp="2021-11-05T18:39:35 IST" skipped="0">
  <testcase classname="testcases.LoginTestCase" name="loginTest" time="5.433"/>
  <system-out/>
  <testcase classname="testcases.LoginTestCase" name="dashBoardTest" time="0.026"/>
  <system-out/>
</testsuite> <!-- testcases.LoginTestCase -->
